

Processing KontaktiesController#index (for 127.0.0.1 at 2009-11-25 13:04:49) [GET]

ActiveRecord::StatementInvalid (SQLite3::SQLException: no such table: kontakties: SELECT * FROM "kontakties" ):
  app/controllers/kontakties_controller.rb:5:in `index'

Rendering rescues/layout (internal_server_error)


Processing KontaktiesController#index (for 127.0.0.1 at 2009-11-25 13:05:32) [GET]
Rendering template within layouts/kontakties
Rendering kontakties/index
Completed in 165ms (View: 80, DB: 83) | 200 OK [http://localhost/kontakties]


Processing KontaktiesController#index (for 127.0.0.1 at 2009-11-25 13:12:26) [GET]
Rendering template within layouts/kontakties
Rendering kontakties/index
Completed in 247ms (View: 48, DB: 196) | 200 OK [http://localhost/kontakties]


Processing KontaktiesController#new (for 127.0.0.1 at 2009-11-25 13:12:28) [GET]
Rendering template within layouts/kontakties
Rendering kontakties/new
Completed in 8ms (View: 7, DB: 0) | 200 OK [http://localhost/kontakties/new]


Processing KontaktiesController#index (for 127.0.0.1 at 2009-11-25 13:12:31) [GET]
Rendering template within layouts/kontakties
Rendering kontakties/index
Completed in 84ms (View: 1, DB: 82) | 200 OK [http://localhost/kontakties]


Processing PostsController#index (for 127.0.0.1 at 2009-11-25 13:12:34) [GET]
Rendering template within layouts/posts
Rendering posts/index
Completed in 165ms (View: 2, DB: 160) | 200 OK [http://localhost/posts]


Processing PostsController#index (for 127.0.0.1 at 2009-11-25 13:20:14) [GET]
Rendering template within layouts/posts
Rendering posts/index
Completed in 51ms (View: 9, DB: 40) | 200 OK [http://localhost/posts]


Processing PostsController#index (for 127.0.0.1 at 2009-11-25 13:21:05) [GET]
Rendering template within layouts/posts
Rendering posts/index
Completed in 224ms (View: 8, DB: 214) | 200 OK [http://localhost/posts]


Processing PostsController#index (for 127.0.0.1 at 2009-11-25 13:21:07) [GET]
Rendering template within layouts/posts
Rendering posts/index
Completed in 114ms (View: 1, DB: 112) | 200 OK [http://localhost/posts]


Processing PostsController#index (for 127.0.0.1 at 2009-11-25 13:21:08) [GET]
Rendering template within layouts/posts
Rendering posts/index
Completed in 8ms (View: 1, DB: 7) | 200 OK [http://localhost/posts]


Processing PostsController#index (for 127.0.0.1 at 2009-11-25 13:21:08) [GET]
Rendering template within layouts/posts
Rendering posts/index
Completed in 30ms (View: 1, DB: 29) | 200 OK [http://localhost/posts]
